# JRE version: OpenJDK Runtime Environment Temurin-11.0.14.1+1 (11.0.14.1+1) (build 11.0.14.1+1)
# Java VM: OpenJDK 64-Bit Server VM Temurin-11.0.14.1+1 (11.0.14.1+1, mixed mode, tiered, compressed oops, g1 gc, windows-amd64)
Heap:
 garbage-first heap   total 65536K, used 30694K [0x00000000c1400000, 0x0000000100000000)
  region size 1024K, 16 young (16384K), 4 survivors (4096K)
 Metaspace       used 53495K, capacity 54912K, committed 55216K, reserved 1097728K
  class space    used 6551K, capacity 7103K, committed 7168K, reserved 1048576K
GC Heap History (20 events):
Event: 2.429 GC heap before
{Heap before GC invocations=1 (full 0):
 garbage-first heap   total 65536K, used 14216K [0x00000000c1400000, 0x0000000100000000)
  region size 1024K, 11 young (11264K), 2 survivors (2048K)
 Metaspace       used 11933K, capacity 12152K, committed 12288K, reserved 1060864K
  class space    used 1152K, capacity 1225K, committed 1280K, reserved 1048576K
}
Event: 2.434 GC heap after
{Heap after GC invocations=2 (full 0):
 garbage-first heap   total 65536K, used 6389K [0x00000000c1400000, 0x0000000100000000)
  region size 1024K, 1 young (1024K), 1 survivors (1024K)
 Metaspace       used 11933K, capacity 12152K, committed 12288K, reserved 1060864K
  class space    used 1152K, capacity 1225K, committed 1280K, reserved 1048576K
}
Event: 4.294 GC heap before
{Heap before GC invocations=2 (full 0):
 garbage-first heap   total 65536K, used 28917K [0x00000000c1400000, 0x0000000100000000)
  region size 1024K, 24 young (24576K), 1 survivors (1024K)
 Metaspace       used 17705K, capacity 18287K, committed 18560K, reserved 1064960K
  class space    used 1909K, capacity 2120K, committed 2176K, reserved 1048576K
}
Event: 4.300 GC heap after
{Heap after GC invocations=3 (full 0):
 garbage-first heap   total 65536K, used 7885K [0x00000000c1400000, 0x0000000100000000)
  region size 1024K, 2 young (2048K), 2 survivors (2048K)
 Metaspace       used 17705K, capacity 18287K, committed 18560K, reserved 1064960K
  class space    used 1909K, capacity 2120K, committed 2176K, reserved 1048576K
}
Event: 4.825 GC heap before
{Heap before GC invocations=3 (full 0):
 garbage-first heap   total 65536K, used 20173K [0x00000000c1400000, 0x0000000100000000)
  region size 1024K, 16 young (16384K), 2 survivors (2048K)
 Metaspace       used 20574K, capacity 21114K, committed 21296K, reserved 1069056K
  class space    used 2212K, capacity 2402K, committed 2432K, reserved 1048576K
}
Event: 4.832 GC heap after
{Heap after GC invocations=4 (full 0):
 garbage-first heap   total 65536K, used 8313K [0x00000000c1400000, 0x0000000100000000)
  region size 1024K, 3 young (3072K), 3 survivors (3072K)
 Metaspace       used 20574K, capacity 21114K, committed 21296K, reserved 1069056K
  class space    used 2212K, capacity 2402K, committed 2432K, reserved 1048576K
}
Event: 5.974 GC heap before
{Heap before GC invocations=5 (full 0):
 garbage-first heap   total 65536K, used 32889K [0x00000000c1400000, 0x0000000100000000)
  region size 1024K, 27 young (27648K), 3 survivors (3072K)
 Metaspace       used 24533K, capacity 25208K, committed 25520K, reserved 1071104K
  class space    used 2740K, capacity 3001K, committed 3072K, reserved 1048576K
}
Event: 5.984 GC heap after
{Heap after GC invocations=6 (full 0):
 garbage-first heap   total 65536K, used 9325K [0x00000000c1400000, 0x0000000100000000)
  region size 1024K, 3 young (3072K), 3 survivors (3072K)
 Metaspace       used 24533K, capacity 25208K, committed 25520K, reserved 1071104K
  class space    used 2740K, capacity 3001K, committed 3072K, reserved 1048576K
}
Event: 9.204 GC heap before
{Heap before GC invocations=6 (full 0):
 garbage-first heap   total 65536K, used 36973K [0x00000000c1400000, 0x0000000100000000)
  region size 1024K, 30 young (30720K), 3 survivors (3072K)
 Metaspace       used 26488K, capacity 27175K, committed 27312K, reserved 1073152K
  class space    used 2947K, capacity 3226K, committed 3328K, reserved 1048576K
}
Event: 9.213 GC heap after
{Heap after GC invocations=7 (full 0):
 garbage-first heap   total 65536K, used 10321K [0x00000000c1400000, 0x0000000100000000)
  region size 1024K, 3 young (3072K), 3 survivors (3072K)
 Metaspace       used 26488K, capacity 27175K, committed 27312K, reserved 1073152K
  class space    used 2947K, capacity 3226K, committed 3328K, reserved 1048576K
}
Event: 11.695 GC heap before
{Heap before GC invocations=7 (full 0):
 garbage-first heap   total 65536K, used 38993K [0x00000000c1400000, 0x0000000100000000)
  region size 1024K, 31 young (31744K), 3 survivors (3072K)
 Metaspace       used 30501K, capacity 31427K, committed 31664K, reserved 1077248K
  class space    used 3481K, capacity 3838K, committed 3840K, reserved 1048576K
}
Event: 11.704 GC heap after
{Heap after GC invocations=8 (full 0):
 garbage-first heap   total 65536K, used 11940K [0x00000000c1400000, 0x0000000100000000)
  region size 1024K, 4 young (4096K), 4 survivors (4096K)
 Metaspace       used 30501K, capacity 31427K, committed 31664K, reserved 1077248K
  class space    used 3481K, capacity 3838K, committed 3840K, reserved 1048576K
}
Event: 13.950 GC heap before
{Heap before GC invocations=8 (full 0):
 garbage-first heap   total 65536K, used 36516K [0x00000000c1400000, 0x0000000100000000)
  region size 1024K, 29 young (29696K), 4 survivors (4096K)
 Metaspace       used 34481K, capacity 35512K, committed 35632K, reserved 1081344K
  class space    used 3997K, capacity 4411K, committed 4480K, reserved 1048576K
}
Event: 13.964 GC heap after
{Heap after GC invocations=9 (full 0):
 garbage-first heap   total 65536K, used 13955K [0x00000000c1400000, 0x0000000100000000)
  region size 1024K, 4 young (4096K), 4 survivors (4096K)
 Metaspace       used 34481K, capacity 35512K, committed 35632K, reserved 1081344K
  class space    used 3997K, capacity 4411K, committed 4480K, reserved 1048576K
}
Event: 15.395 GC heap before
{Heap before GC invocations=10 (full 0):
 garbage-first heap   total 65536K, used 41603K [0x00000000c1400000, 0x0000000100000000)
  region size 1024K, 32 young (32768K), 4 survivors (4096K)
 Metaspace       used 37635K, capacity 38796K, committed 38960K, reserved 1083392K
  class space    used 4411K, capacity 4866K, committed 4992K, reserved 1048576K
}
Event: 15.410 GC heap after
{Heap after GC invocations=11 (full 0):
 garbage-first heap   total 65536K, used 15824K [0x00000000c1400000, 0x0000000100000000)
  region size 1024K, 4 young (4096K), 4 survivors (4096K)
 Metaspace       used 37635K, capacity 38796K, committed 38960K, reserved 1083392K
  class space    used 4411K, capacity 4866K, committed 4992K, reserved 1048576K
}
Event: 18.736 GC heap before
{Heap before GC invocations=11 (full 0):
 garbage-first heap   total 65536K, used 43472K [0x00000000c1400000, 0x0000000100000000)
  region size 1024K, 32 young (32768K), 4 survivors (4096K)
 Metaspace       used 43189K, capacity 44381K, committed 44592K, reserved 1087488K
  class space    used 5273K, capacity 5743K, committed 5760K, reserved 1048576K
}
Event: 18.753 GC heap after
{Heap after GC invocations=12 (full 0):
 garbage-first heap   total 65536K, used 16717K [0x00000000c1400000, 0x0000000100000000)
  region size 1024K, 3 young (3072K), 3 survivors (3072K)
 Metaspace       used 43189K, capacity 44381K, committed 44592K, reserved 1087488K
  class space    used 5273K, capacity 5743K, committed 5760K, reserved 1048576K
}
Event: 21.349 GC heap before
{Heap before GC invocations=12 (full 0):
 garbage-first heap   total 65536K, used 45389K [0x00000000c1400000, 0x0000000100000000)
  region size 1024K, 32 young (32768K), 3 survivors (3072K)
 Metaspace       used 51006K, capacity 52365K, committed 52528K, reserved 1095680K
  class space    used 6236K, capacity 6766K, committed 6784K, reserved 1048576K
}
Event: 21.360 GC heap after
{Heap after GC invocations=13 (full 0):
 garbage-first heap   total 65536K, used 19430K [0x00000000c1400000, 0x0000000100000000)
  region size 1024K, 4 young (4096K), 4 survivors (4096K)
 Metaspace       used 51006K, capacity 52365K, committed 52528K, reserved 1095680K
  class space    used 6236K, capacity 6766K, committed 6784K, reserved 1048576K
}

