# JRE version: OpenJDK Runtime Environment Temurin-11.0.14.1+1 (11.0.14.1+1) (build 11.0.14.1+1)
# Java VM: OpenJDK 64-Bit Server VM Temurin-11.0.14.1+1 (11.0.14.1+1, mixed mode, tiered, compressed oops, g1 gc, windows-amd64)
Heap:
 garbage-first heap   total 262144K, used 26163K [0x00000000e0000000, 0x0000000100000000)
  region size 1024K, 13 young (13312K), 9 survivors (9216K)
 Metaspace       used 36150K, capacity 37031K, committed 37148K, reserved 286720K
  class space    used 4660K, capacity 4981K, committed 4992K, reserved 253952K
GC Heap History (14 events):
Event: 10.941 GC heap before
{Heap before GC invocations=0 (full 0):
 garbage-first heap   total 262144K, used 16384K [0x00000000e0000000, 0x0000000100000000)
  region size 1024K, 14 young (14336K), 0 survivors (0K)
 Metaspace       used 6780K, capacity 6985K, committed 7168K, reserved 262144K
  class space    used 573K, capacity 650K, committed 768K, reserved 253952K
}
Event: 10.953 GC heap after
{Heap after GC invocations=1 (full 0):
 garbage-first heap   total 262144K, used 4826K [0x00000000e0000000, 0x0000000100000000)
  region size 1024K, 2 young (2048K), 2 survivors (2048K)
 Metaspace       used 6780K, capacity 6985K, committed 7168K, reserved 262144K
  class space    used 573K, capacity 650K, committed 768K, reserved 253952K
}
Event: 13.628 GC heap before
{Heap before GC invocations=1 (full 0):
 garbage-first heap   total 262144K, used 19162K [0x00000000e0000000, 0x0000000100000000)
  region size 1024K, 13 young (13312K), 2 survivors (2048K)
 Metaspace       used 10225K, capacity 10546K, committed 10624K, reserved 264192K
  class space    used 1042K, capacity 1138K, committed 1152K, reserved 253952K
}
Event: 13.633 GC heap after
{Heap after GC invocations=2 (full 0):
 garbage-first heap   total 262144K, used 9631K [0x00000000e0000000, 0x0000000100000000)
  region size 1024K, 2 young (2048K), 2 survivors (2048K)
 Metaspace       used 10225K, capacity 10546K, committed 10624K, reserved 264192K
  class space    used 1042K, capacity 1138K, committed 1152K, reserved 253952K
}
Event: 32.106 GC heap before
{Heap before GC invocations=2 (full 0):
 garbage-first heap   total 262144K, used 49567K [0x00000000e0000000, 0x0000000100000000)
  region size 1024K, 40 young (40960K), 2 survivors (2048K)
 Metaspace       used 11474K, capacity 11749K, committed 11904K, reserved 266240K
  class space    used 1194K, capacity 1283K, committed 1408K, reserved 253952K
}
Event: 32.115 GC heap after
{Heap after GC invocations=3 (full 0):
 garbage-first heap   total 262144K, used 14499K [0x00000000e0000000, 0x0000000100000000)
  region size 1024K, 5 young (5120K), 5 survivors (5120K)
 Metaspace       used 11474K, capacity 11749K, committed 11904K, reserved 266240K
  class space    used 1194K, capacity 1283K, committed 1408K, reserved 253952K
}
Event: 43.995 GC heap before
{Heap before GC invocations=3 (full 0):
 garbage-first heap   total 262144K, used 65699K [0x00000000e0000000, 0x0000000100000000)
  region size 1024K, 55 young (56320K), 5 survivors (5120K)
 Metaspace       used 19674K, capacity 20203K, committed 20352K, reserved 272384K
  class space    used 2389K, capacity 2571K, committed 2688K, reserved 253952K
}
Event: 44.010 GC heap after
{Heap after GC invocations=4 (full 0):
 garbage-first heap   total 262144K, used 17267K [0x00000000e0000000, 0x0000000100000000)
  region size 1024K, 6 young (6144K), 6 survivors (6144K)
 Metaspace       used 19674K, capacity 20203K, committed 20352K, reserved 272384K
  class space    used 2389K, capacity 2571K, committed 2688K, reserved 253952K
}
Event: 44.375 GC heap before
{Heap before GC invocations=4 (full 0):
 garbage-first heap   total 262144K, used 24435K [0x00000000e0000000, 0x0000000100000000)
  region size 1024K, 14 young (14336K), 6 survivors (6144K)
 Metaspace       used 20794K, capacity 21246K, committed 21296K, reserved 274432K
  class space    used 2521K, capacity 2687K, committed 2688K, reserved 253952K
}
Event: 44.386 GC heap after
{Heap after GC invocations=5 (full 0):
 garbage-first heap   total 262144K, used 17698K [0x00000000e0000000, 0x0000000100000000)
  region size 1024K, 4 young (4096K), 4 survivors (4096K)
 Metaspace       used 20794K, capacity 21246K, committed 21296K, reserved 274432K
  class space    used 2521K, capacity 2687K, committed 2688K, reserved 253952K
}
Event: 50.492 GC heap before
{Heap before GC invocations=6 (full 0):
 garbage-first heap   total 262144K, used 78114K [0x00000000e0000000, 0x0000000100000000)
  region size 1024K, 63 young (64512K), 4 survivors (4096K)
 Metaspace       used 26886K, capacity 27589K, committed 27776K, reserved 278528K
  class space    used 3470K, capacity 3704K, committed 3712K, reserved 253952K
}
Event: 50.505 GC heap after
{Heap after GC invocations=7 (full 0):
 garbage-first heap   total 262144K, used 19725K [0x00000000e0000000, 0x0000000100000000)
  region size 1024K, 6 young (6144K), 6 survivors (6144K)
 Metaspace       used 26886K, capacity 27589K, committed 27776K, reserved 278528K
  class space    used 3470K, capacity 3704K, committed 3712K, reserved 253952K
}
Event: 53.417 GC heap before
{Heap before GC invocations=7 (full 0):
 garbage-first heap   total 262144K, used 79117K [0x00000000e0000000, 0x0000000100000000)
  region size 1024K, 65 young (66560K), 6 survivors (6144K)
 Metaspace       used 35151K, capacity 35959K, committed 36048K, reserved 286720K
  class space    used 4522K, capacity 4836K, committed 4864K, reserved 253952K
}
Event: 53.439 GC heap after
{Heap after GC invocations=8 (full 0):
 garbage-first heap   total 262144K, used 23091K [0x00000000e0000000, 0x0000000100000000)
  region size 1024K, 9 young (9216K), 9 survivors (9216K)
 Metaspace       used 35151K, capacity 35959K, committed 36048K, reserved 286720K
  class space    used 4522K, capacity 4836K, committed 4864K, reserved 253952K
}

