# JRE version: OpenJDK Runtime Environment Temurin-11.0.14.1+1 (11.0.14.1+1) (build 11.0.14.1+1)
# Java VM: OpenJDK 64-Bit Server VM Temurin-11.0.14.1+1 (11.0.14.1+1, mixed mode, tiered, compressed oops, g1 gc, windows-amd64)
Heap:
 garbage-first heap   total 262144K, used 87728K [0x00000000e0000000, 0x0000000100000000)
  region size 1024K, 33 young (33792K), 8 survivors (8192K)
 Metaspace       used 72978K, capacity 75736K, committed 75856K, reserved 321536K
  class space    used 9200K, capacity 10170K, committed 10188K, reserved 253952K
GC Heap History (20 events):
Event: 3.211 GC heap before
{Heap before GC invocations=2 (full 0):
 garbage-first heap   total 262144K, used 32879K [0x00000000e0000000, 0x0000000100000000)
  region size 1024K, 26 young (26624K), 2 survivors (2048K)
 Metaspace       used 11213K, capacity 11453K, committed 11520K, reserved 264192K
  class space    used 1145K, capacity 1243K, committed 1280K, reserved 253952K
}
Event: 3.216 GC heap after
{Heap after GC invocations=3 (full 0):
 garbage-first heap   total 262144K, used 10100K [0x00000000e0000000, 0x0000000100000000)
  region size 1024K, 3 young (3072K), 3 survivors (3072K)
 Metaspace       used 11213K, capacity 11453K, committed 11520K, reserved 264192K
  class space    used 1145K, capacity 1243K, committed 1280K, reserved 253952K
}
Event: 6.556 GC heap before
{Heap before GC invocations=3 (full 0):
 garbage-first heap   total 262144K, used 47988K [0x00000000e0000000, 0x0000000100000000)
  region size 1024K, 39 young (39936K), 3 survivors (3072K)
 Metaspace       used 17031K, capacity 17498K, committed 17792K, reserved 270336K
  class space    used 1939K, capacity 2068K, committed 2176K, reserved 253952K
}
Event: 6.567 GC heap after
{Heap after GC invocations=4 (full 0):
 garbage-first heap   total 262144K, used 15699K [0x00000000e0000000, 0x0000000100000000)
  region size 1024K, 5 young (5120K), 5 survivors (5120K)
 Metaspace       used 17031K, capacity 17498K, committed 17792K, reserved 270336K
  class space    used 1939K, capacity 2068K, committed 2176K, reserved 253952K
}
Event: 7.309 GC heap before
{Heap before GC invocations=4 (full 0):
 garbage-first heap   total 262144K, used 50515K [0x00000000e0000000, 0x0000000100000000)
  region size 1024K, 40 young (40960K), 5 survivors (5120K)
 Metaspace       used 20733K, capacity 21196K, committed 21296K, reserved 274432K
  class space    used 2521K, capacity 2685K, committed 2688K, reserved 253952K
}
Event: 7.324 GC heap after
{Heap after GC invocations=5 (full 0):
 garbage-first heap   total 262144K, used 17267K [0x00000000e0000000, 0x0000000100000000)
  region size 1024K, 2 young (2048K), 2 survivors (2048K)
 Metaspace       used 20733K, capacity 21196K, committed 21296K, reserved 274432K
  class space    used 2521K, capacity 2685K, committed 2688K, reserved 253952K
}
Event: 8.645 GC heap before
{Heap before GC invocations=6 (full 0):
 garbage-first heap   total 262144K, used 72563K [0x00000000e0000000, 0x0000000100000000)
  region size 1024K, 56 young (57344K), 2 survivors (2048K)
 Metaspace       used 26545K, capacity 27218K, committed 27388K, reserved 278528K
  class space    used 3429K, capacity 3639K, committed 3660K, reserved 253952K
}
Event: 8.656 GC heap after
{Heap after GC invocations=7 (full 0):
 garbage-first heap   total 262144K, used 19158K [0x00000000e0000000, 0x0000000100000000)
  region size 1024K, 4 young (4096K), 4 survivors (4096K)
 Metaspace       used 26545K, capacity 27218K, committed 27388K, reserved 278528K
  class space    used 3429K, capacity 3639K, committed 3660K, reserved 253952K
}
Event: 11.179 GC heap before
{Heap before GC invocations=7 (full 0):
 garbage-first heap   total 262144K, used 82646K [0x00000000e0000000, 0x0000000100000000)
  region size 1024K, 67 young (68608K), 4 survivors (4096K)
 Metaspace       used 35093K, capacity 35942K, committed 36048K, reserved 286720K
  class space    used 4525K, capacity 4868K, committed 4940K, reserved 253952K
}
Event: 11.203 GC heap after
{Heap after GC invocations=8 (full 0):
 garbage-first heap   total 262144K, used 22486K [0x00000000e0000000, 0x0000000100000000)
  region size 1024K, 7 young (7168K), 7 survivors (7168K)
 Metaspace       used 35093K, capacity 35942K, committed 36048K, reserved 286720K
  class space    used 4525K, capacity 4868K, committed 4940K, reserved 253952K
}
Event: 17.771 GC heap before
{Heap before GC invocations=9 (full 0):
 garbage-first heap   total 262144K, used 163798K [0x00000000e0000000, 0x0000000100000000)
  region size 1024K, 142 young (145408K), 7 survivors (7168K)
 Metaspace       used 47232K, capacity 48408K, committed 48592K, reserved 296960K
  class space    used 5992K, capacity 6414K, committed 6476K, reserved 253952K
}
Event: 17.807 GC heap after
{Heap after GC invocations=10 (full 0):
 garbage-first heap   total 262144K, used 30573K [0x00000000e0000000, 0x0000000100000000)
  region size 1024K, 15 young (15360K), 15 survivors (15360K)
 Metaspace       used 47232K, capacity 48408K, committed 48592K, reserved 296960K
  class space    used 5992K, capacity 6414K, committed 6476K, reserved 253952K
}
Event: 23.484 GC heap before
{Heap before GC invocations=11 (full 0):
 garbage-first heap   total 262144K, used 171885K [0x00000000e0000000, 0x0000000100000000)
  region size 1024K, 153 young (156672K), 15 survivors (15360K)
 Metaspace       used 56330K, capacity 58294K, committed 58448K, reserved 305152K
  class space    used 7406K, capacity 8112K, committed 8140K, reserved 253952K
}
Event: 23.555 GC heap after
{Heap after GC invocations=12 (full 0):
 garbage-first heap   total 262144K, used 40797K [0x00000000e0000000, 0x0000000100000000)
  region size 1024K, 19 young (19456K), 19 survivors (19456K)
 Metaspace       used 56330K, capacity 58294K, committed 58448K, reserved 305152K
  class space    used 7406K, capacity 8112K, committed 8140K, reserved 253952K
}
Event: 54.748 GC heap before
{Heap before GC invocations=12 (full 0):
 garbage-first heap   total 262144K, used 176989K [0x00000000e0000000, 0x0000000100000000)
  region size 1024K, 153 young (156672K), 19 survivors (19456K)
 Metaspace       used 60110K, capacity 62241K, committed 62416K, reserved 309248K
  class space    used 7756K, capacity 8495K, committed 8524K, reserved 253952K
}
Event: 54.836 GC heap after
{Heap after GC invocations=13 (full 0):
 garbage-first heap   total 262144K, used 48855K [0x00000000e0000000, 0x0000000100000000)
  region size 1024K, 9 young (9216K), 9 survivors (9216K)
 Metaspace       used 60110K, capacity 62241K, committed 62416K, reserved 309248K
  class space    used 7756K, capacity 8495K, committed 8524K, reserved 253952K
}
Event: 92.030 GC heap before
{Heap before GC invocations=13 (full 0):
 garbage-first heap   total 262144K, used 197335K [0x00000000e0000000, 0x0000000100000000)
  region size 1024K, 153 young (156672K), 9 survivors (9216K)
 Metaspace       used 70882K, capacity 73388K, committed 73552K, reserved 319488K
  class space    used 9042K, capacity 9910K, committed 9932K, reserved 253952K
}
Event: 92.071 GC heap after
{Heap after GC invocations=14 (full 0):
 garbage-first heap   total 262144K, used 60296K [0x00000000e0000000, 0x0000000100000000)
  region size 1024K, 19 young (19456K), 19 survivors (19456K)
 Metaspace       used 70882K, capacity 73388K, committed 73552K, reserved 319488K
  class space    used 9042K, capacity 9910K, committed 9932K, reserved 253952K
}
Event: 144.217 GC heap before
{Heap before GC invocations=14 (full 0):
 garbage-first heap   total 262144K, used 196488K [0x00000000e0000000, 0x0000000100000000)
  region size 1024K, 153 young (156672K), 19 survivors (19456K)
 Metaspace       used 72707K, capacity 75494K, committed 75600K, reserved 319488K
  class space    used 9193K, capacity 10162K, committed 10188K, reserved 253952K
}
Event: 144.349 GC heap after
{Heap after GC invocations=15 (full 0):
 garbage-first heap   total 262144K, used 63152K [0x00000000e0000000, 0x0000000100000000)
  region size 1024K, 8 young (8192K), 8 survivors (8192K)
 Metaspace       used 72707K, capacity 75494K, committed 75600K, reserved 319488K
  class space    used 9193K, capacity 10162K, committed 10188K, reserved 253952K
}

